<?xml version="1.0" encoding="UTF-8"?>
<!-- Generated by org.testng.reporters.JUnitXMLReporter -->
<testsuite ignored="0" hostname="DESKTOP-AG41B4D" failures="1" tests="1" name="Test1" time="7.349" errors="0" timestamp="2022-09-08T01:29:03 IST">
  <testcase classname="com.timeKeeping.actiTime.selenium.com.timeKeeping.actiTime.selenium.ToPerformCrossBrowsertesting" name="demo" time="7.283">
    <failure type="org.openqa.selenium.SessionNotCreatedException" message="session not created: This version of ChromeDriver only supports Chrome version 105
Current browser version is 104.0.5112.102 with binary path C:\Program Files\Google\Chrome\Application\chrome.exe
Build info: version: &amp;apos;3.141.59&amp;apos;, revision: &amp;apos;e82be7d358&amp;apos;, time: &amp;apos;2018-11-14T08:17:03&amp;apos;
System info: host: &amp;apos;DESKTOP-AG41B4D&amp;apos;, ip: &amp;apos;192.168.204.1&amp;apos;, os.name: &amp;apos;Windows 10&amp;apos;, os.arch: &amp;apos;amd64&amp;apos;, os.version: &amp;apos;10.0&amp;apos;, java.version: &amp;apos;18.0.1.1&amp;apos;
Driver info: driver.version: ChromeDriver
remote stacktrace: Backtrace:
	Ordinal0 [0x0119DF13+2219795]
	Ordinal0 [0x01132841+1779777]
	Ordinal0 [0x0104423D+803389]
	Ordinal0 [0x010664AC+943276]
	Ordinal0 [0x010619F0+924144]
	Ordinal0 [0x0105F179+913785]
	Ordinal0 [0x010936B9+1128121]
	Ordinal0 [0x0109331A+1127194]
	Ordinal0 [0x0108E616+1107478]
	Ordinal0 [0x01067F89+950153]
	Ordinal0 [0x01068F56+954198]
	GetHandleVerifier [0x01492CB2+3040210]
	GetHandleVerifier [0x01482BB4+2974420]
	GetHandleVerifier [0x01236A0A+565546]
	GetHandleVerifier [0x01235680+560544]
	Ordinal0 [0x01139A5C+1808988]
	Ordinal0 [0x0113E3A8+1827752]
	Ordinal0 [0x0113E495+1827989]
	Ordinal0 [0x011480A4+1867940]
	BaseThreadInitThunk [0x75ACFA29+25]
	RtlGetAppContainerNamedObjectPath [0x77017B5E+286]
	RtlGetAppContainerNamedObjectPath [0x77017B2E+238]
">
      <![CDATA[org.openqa.selenium.SessionNotCreatedException: session not created: This version of ChromeDriver only supports Chrome version 105
Current browser version is 104.0.5112.102 with binary path C:\Program Files\Google\Chrome\Application\chrome.exe
Build info: version: '3.141.59', revision: 'e82be7d358', time: '2018-11-14T08:17:03'
System info: host: 'DESKTOP-AG41B4D', ip: '192.168.204.1', os.name: 'Windows 10', os.arch: 'amd64', os.version: '10.0', java.version: '18.0.1.1'
Driver info: driver.version: ChromeDriver
remote stacktrace: Backtrace:
Ordinal0 [0x0119DF13+2219795]
Ordinal0 [0x01132841+1779777]
Ordinal0 [0x0104423D+803389]
Ordinal0 [0x010664AC+943276]
Ordinal0 [0x010619F0+924144]
Ordinal0 [0x0105F179+913785]
Ordinal0 [0x010936B9+1128121]
Ordinal0 [0x0109331A+1127194]
Ordinal0 [0x0108E616+1107478]
Ordinal0 [0x01067F89+950153]
Ordinal0 [0x01068F56+954198]
GetHandleVerifier [0x01492CB2+3040210]
GetHandleVerifier [0x01482BB4+2974420]
GetHandleVerifier [0x01236A0A+565546]
GetHandleVerifier [0x01235680+560544]
Ordinal0 [0x01139A5C+1808988]
Ordinal0 [0x0113E3A8+1827752]
Ordinal0 [0x0113E495+1827989]
Ordinal0 [0x011480A4+1867940]
BaseThreadInitThunk [0x75ACFA29+25]
RtlGetAppContainerNamedObjectPath [0x77017B5E+286]
RtlGetAppContainerNamedObjectPath [0x77017B2E+238]

at org.openqa.selenium.remote.W3CHandshakeResponse.lambda$errorHandler$0(W3CHandshakeResponse.java:62)
at org.openqa.selenium.remote.HandshakeResponse.lambda$getResponseFunction$0(HandshakeResponse.java:30)
at org.openqa.selenium.remote.ProtocolHandshake.lambda$createSession$0(ProtocolHandshake.java:126)
at java.base/java.util.stream.ReferencePipeline$3$1.accept(ReferencePipeline.java:197)
at java.base/java.util.Spliterators$ArraySpliterator.tryAdvance(Spliterators.java:1002)
at java.base/java.util.stream.ReferencePipeline.forEachWithCancel(ReferencePipeline.java:129)
at java.base/java.util.stream.AbstractPipeline.copyIntoWithCancel(AbstractPipeline.java:527)
at java.base/java.util.stream.AbstractPipeline.copyInto(AbstractPipeline.java:513)
at java.base/java.util.stream.AbstractPipeline.wrapAndCopyInto(AbstractPipeline.java:499)
at java.base/java.util.stream.FindOps$FindOp.evaluateSequential(FindOps.java:150)
at java.base/java.util.stream.AbstractPipeline.evaluate(AbstractPipeline.java:234)
at java.base/java.util.stream.ReferencePipeline.findFirst(ReferencePipeline.java:647)
at org.openqa.selenium.remote.ProtocolHandshake.createSession(ProtocolHandshake.java:128)
at org.openqa.selenium.remote.ProtocolHandshake.createSession(ProtocolHandshake.java:74)
at org.openqa.selenium.remote.HttpCommandExecutor.execute(HttpCommandExecutor.java:136)
at org.openqa.selenium.remote.service.DriverCommandExecutor.execute(DriverCommandExecutor.java:83)
at org.openqa.selenium.remote.RemoteWebDriver.execute(RemoteWebDriver.java:552)
at org.openqa.selenium.remote.RemoteWebDriver.startSession(RemoteWebDriver.java:213)
at org.openqa.selenium.remote.RemoteWebDriver.<init>(RemoteWebDriver.java:131)
at org.openqa.selenium.chrome.ChromeDriver.<init>(ChromeDriver.java:181)
at org.openqa.selenium.chrome.ChromeDriver.<init>(ChromeDriver.java:168)
at org.openqa.selenium.chrome.ChromeDriver.<init>(ChromeDriver.java:123)
at com.timeKeeping.actiTime.selenium.com.timeKeeping.actiTime.selenium.ToPerformCrossBrowsertesting.demo(ToPerformCrossBrowsertesting.java:21)
at java.base/java.util.ArrayList.forEach(ArrayList.java:1511)
at java.base/java.util.concurrent.FutureTask.run(FutureTask.java:264)
at java.base/java.util.concurrent.ThreadPoolExecutor.runWorker(ThreadPoolExecutor.java:1136)
at java.base/java.util.concurrent.ThreadPoolExecutor$Worker.run(ThreadPoolExecutor.java:635)
at java.base/java.lang.Thread.run(Thread.java:833)
... Removed 19 stack frames]]>
    </failure>
  </testcase> <!-- demo -->
</testsuite> <!-- Test1 -->
